<?xml version="1.0" encoding="UTF-8"?>
<testExecutions version="1">
  <file path="/home/nitik/React/blink-list/src/components/molecules/searchBar/SearchBar.test.tsx">
    <testCase name="SearchBar Tests to be in test" duration="124"/>
  </file>
  <file path="/home/nitik/React/blink-list/src/components/atoms/typography/TypographyComponent.test.tsx">
    <testCase name="Typography Tests to be in test" duration="91"/>
  </file>
  <file path="/home/nitik/React/blink-list/src/components/atoms/icons/SearchIcon.test.tsx">
    <testCase name="Anchor component tests Anchor component tests" duration="53"/>
  </file>
  <file path="/home/nitik/React/blink-list/src/components/molecules/explore/exploreHead/Explore.test.tsx">
    <testCase name="Typography Tests to be in test" duration="501"/>
  </file>
  <file path="/home/nitik/React/blink-list/src/components/templates/currently reading/CurrentlyReading.test.tsx">
    <testCase name="Typography Tests to be in test" duration="342"/>
  </file>
  <file path="/home/nitik/React/blink-list/src/components/templates/finished reading/FinishedReading.test.tsx">
    <testCase name="Typography Tests to be in test" duration="736"/>
  </file>
  <file path="/home/nitik/React/blink-list/src/components/molecules/exploreBookOnEntrepreneurship/ExploreBooksOnEntrepreneurship.test.tsx">
    <testCase name="Typography Tests to be in test" duration="275"/>
  </file>
  <file path="/home/nitik/React/blink-list/src/components/atoms/anchor/anchor.test.tsx">
    <testCase name="Anchor component tests Anchor component tests" duration="82"/>
  </file>
  <file path="/home/nitik/React/blink-list/src/components/molecules/bookCard/BookCard.test.tsx">
    <testCase name="Typography Tests to be in test" duration="333"/>
  </file>
  <file path="/home/nitik/React/blink-list/src/components/atoms/logo/Logo.test.tsx">
    <testCase name="Logo Tests to be in test" duration="78"/>
  </file>
  <file path="/home/nitik/React/blink-list/src/components/atoms/navDown/NavDown.test.tsx">
    <testCase name="Logo Tests to be in test" duration="244"/>
  </file>
  <file path="/home/nitik/React/blink-list/src/components/molecules/footer/Footer.test.tsx">
    <testCase name="Typography Tests to be in test" duration="231"/>
  </file>
  <file path="/home/nitik/React/blink-list/src/components/molecules/navBar/NavBar.test.tsx">
    <testCase name="Typography Tests to be in test" duration="189"/>
  </file>
  <file path="/home/nitik/React/blink-list/src/components/atoms/underLinedButton/UnderLinedButton.test.tsx">
    <testCase name="Typography Tests to be in test" duration="65"/>
  </file>
  <file path="/home/nitik/React/blink-list/src/components/atoms/buttons/FinishedReadingButton/FinishedReadingButton.test.tsx">
    <testCase name="FinishedReading Button component tests FinishedReading Button" duration="137"/>
  </file>
  <file path="/home/nitik/React/blink-list/src/components/atoms/buttons/ReadNowButton/ReadNowButton.test.tsx">
    <testCase name="ReadNow Button component tests ReadNow Button" duration="113">
      <failure message="TestingLibraryElementError: Unable to find an element by: [data-testid=&quot;ReadNowButtonTest&quot;]"><![CDATA[TestingLibraryElementError: Unable to find an element by: [data-testid="ReadNowButtonTest"]

Ignored nodes: comments, <script />, <style />
<body>
  <div>
    <button
      class="MuiButton-root MuiButton-outlined MuiButton-outlinedPrimary MuiButton-sizeMedium MuiButton-outlinedSizeMedium MuiButtonBase-root  css-7djz7e-MuiButtonBase-root-MuiButton-root"
      tabindex="0"
      type="button"
    >
      Nitish
      <span
        class="MuiTouchRipple-root css-8je8zh-MuiTouchRipple-root"
      />
    </button>
  </div>
</body>
    at Object.getElementError (/home/nitik/React/blink-list/node_modules/@testing-library/dom/dist/config.js:38:19)
    at /home/nitik/React/blink-list/node_modules/@testing-library/dom/dist/query-helpers.js:90:38
    at /home/nitik/React/blink-list/node_modules/@testing-library/dom/dist/query-helpers.js:62:17
    at getByTestId (/home/nitik/React/blink-list/node_modules/@testing-library/dom/dist/query-helpers.js:111:19)
    at Object.<anonymous> (/home/nitik/React/blink-list/src/components/atoms/buttons/ReadNowButton/ReadNowButton.test.tsx:49:28)
    at Promise.then.completed (/home/nitik/React/blink-list/node_modules/jest-circus/build/utils.js:391:28)
    at new Promise (<anonymous>)
    at callAsyncCircusFn (/home/nitik/React/blink-list/node_modules/jest-circus/build/utils.js:316:10)
    at _callCircusTest (/home/nitik/React/blink-list/node_modules/jest-circus/build/run.js:218:40)
    at processTicksAndRejections (node:internal/process/task_queues:95:5)
    at _runTest (/home/nitik/React/blink-list/node_modules/jest-circus/build/run.js:155:3)
    at _runTestsForDescribeBlock (/home/nitik/React/blink-list/node_modules/jest-circus/build/run.js:66:9)
    at _runTestsForDescribeBlock (/home/nitik/React/blink-list/node_modules/jest-circus/build/run.js:60:9)
    at run (/home/nitik/React/blink-list/node_modules/jest-circus/build/run.js:25:3)
    at runAndTransformResultsToJestFormat (/home/nitik/React/blink-list/node_modules/jest-circus/build/legacy-code-todo-rewrite/jestAdapterInit.js:170:21)
    at jestAdapter (/home/nitik/React/blink-list/node_modules/jest-circus/build/legacy-code-todo-rewrite/jestAdapter.js:82:19)
    at runTestInternal (/home/nitik/React/blink-list/node_modules/jest-runner/build/runTest.js:389:16)
    at runTest (/home/nitik/React/blink-list/node_modules/jest-runner/build/runTest.js:475:34)
    at Object.worker (/home/nitik/React/blink-list/node_modules/jest-runner/build/testWorker.js:133:12)]]></failure>
    </testCase>
  </file>
</testExecutions>