<?xml version="1.0" encoding="UTF-8"?>
<testExecutions version="1">
  <file path="/home/nitik/React/blink-list/src/components/templates/currently reading/CurrentlyReading.test.tsx">
    <testCase name="Typography Tests to be in test" duration="488"/>
  </file>
  <file path="/home/nitik/React/blink-list/src/components/molecules/bookDetails/BookDetails.test.tsx">
    <testCase name="should render the BookDetails component" duration="381"/>
  </file>
  <file path="/home/nitik/React/blink-list/src/components/molecules/explore/exploreHead/Explore.test.tsx">
    <testCase name="Typography Tests to be in test" duration="717"/>
  </file>
  <file path="/home/nitik/React/blink-list/src/components/molecules/bookCard/BookCard.test.tsx">
    <testCase name="Typography Tests to be in test" duration="560"/>
  </file>
  <file path="/home/nitik/React/blink-list/src/components/pages/EntrepreneurshipBooksPage/EntrepreneurshipBookPage.test.tsx">
    <testCase name="should render the EntreprenershipBooksPage component" duration="779"/>
  </file>
  <file path="/home/nitik/React/blink-list/src/components/pages/bookDetailsPage/BookDetailsPage.test.tsx">
    <testCase name="should render the ContinueReadingPage component" duration="621"/>
  </file>
  <file path="/home/nitik/React/blink-list/src/components/pages/continueReadingPage/ContinueReadingPage.test.tsx">
    <testCase name="should render the ContinueReadingPage component" duration="1320"/>
  </file>
  <file path="/home/nitik/React/blink-list/src/components/molecules/exploreBookOnEntrepreneurship/ExploreBooksOnEntrepreneurship.test.tsx">
    <testCase name="Typography Tests to be in test" duration="141"/>
  </file>
  <file path="/home/nitik/React/blink-list/src/components/molecules/navBar/NavBar.test.tsx">
    <testCase name="Typography Tests to be in test" duration="145"/>
    <testCase name="Typography Tests  be in test" duration="64"/>
  </file>
  <file path="/home/nitik/React/blink-list/src/components/atoms/buttons/ReadNowButton/ReadNowButton.test.tsx">
    <testCase name="ReadNow Button component tests ReadNow Button" duration="116"/>
    <testCase name="ReadNow Button component tests ReadNow Button when data exist" duration="32"/>
  </file>
  <file path="/home/nitik/React/blink-list/src/components/atoms/buttons/FinishedReadingButton/FinishedReadingButton.test.tsx">
    <testCase name="FinishedReading Button component tests FinishedReading Button" duration="216"/>
  </file>
  <file path="/home/nitik/React/blink-list/src/components/templates/finished reading/FinishedReading.test.tsx">
    <testCase name="Typography Tests to be in test" duration="489"/>
  </file>
  <file path="/home/nitik/React/blink-list/src/components/atoms/anchor/anchor.test.tsx">
    <testCase name="Anchor component tests Anchor component tests" duration="68"/>
    <testCase name="Anchor component tests Should Have text" duration="23"/>
  </file>
  <file path="/home/nitik/React/blink-list/src/components/molecules/footer/Footer.test.tsx">
    <testCase name="Typography Tests to be in test" duration="200"/>
  </file>
  <file path="/home/nitik/React/blink-list/src/components/atoms/underLinedButton/UnderLinedButton.test.tsx">
    <testCase name="Typography Tests to be in test" duration="43"/>
  </file>
  <file path="/home/nitik/React/blink-list/src/components/molecules/Logout/Logout.test.tsx">
    <testCase name="should render the  component" duration="33"/>
  </file>
  <file path="/home/nitik/React/blink-list/src/components/atoms/logo/Logo.test.tsx">
    <testCase name="Logo Tests to be in test" duration="52"/>
  </file>
  <file path="/home/nitik/React/blink-list/src/components/molecules/searchBar/SearchBar.test.tsx">
    <testCase name="Checking main serach Rendering" duration="89"/>
    <testCase name="Checking OnChange main search" duration="20"/>
  </file>
  <file path="/home/nitik/React/blink-list/src/components/atoms/icons/SearchIcon.test.tsx">
    <testCase name="Anchor component tests Anchor component tests" duration="52"/>
  </file>
  <file path="/home/nitik/React/blink-list/src/components/atoms/navDown/NavDown.test.tsx">
    <testCase name="Logo Tests to be in test" duration="57"/>
  </file>
  <file path="/home/nitik/React/blink-list/src/components/molecules/Login/Login.test.tsx">
    <testCase name="should render the ContinueReadingPage component" duration="17"/>
  </file>
  <file path="/home/nitik/React/blink-list/src/components/atoms/typography/TypographyComponent.test.tsx">
    <testCase name="Typography Tests to be in test" duration="35"/>
  </file>
</testExecutions>